\BOOKMARK [0][-]{chapter.1}{\376\377\000M\000a\000\040\000t\000r\036\255\000n}{}% 1
\BOOKMARK [1][-]{section.1.1}{\376\377\001\020\036\313\000n\000h\000\040\000t\000h\036\351\000c\000\040\000v\000\340\000\040\000h\036\241\000n\000g\000\040\000m\000a\000\040\000t\000r\036\255\000n}{chapter.1}% 2
\BOOKMARK [1][-]{section.1.2}{\376\377\000M\000a\000\040\000t\000r\036\255\000n\000\040\000n\000g\000h\036\313\000c\000h\000\040\001\021\036\243\000o}{chapter.1}% 3
\BOOKMARK [0][-]{chapter.2}{\376\377\000D\000i\000s\000c\000r\000e\000t\000e\000\040\000l\000o\000g\000a\000r\000i\000t\000h\000m}{}% 4
\BOOKMARK [1][-]{section.2.1}{\376\377\000C\000\341\000c\000\040\000t\000h\000u\036\255\000t\000\040\000t\000o\000\341\000n\000\040\000t\000\355\000n\000h\000\040\000d\000i\000s\000c\000r\000e\000t\000e\000\040\000l\000o\000g\000a\000r\000i\000t\000h\000m}{chapter.2}% 5
\BOOKMARK [0][-]{chapter.3}{\376\377\000S\036\321\000\040\000h\036\315\000c}{}% 6
\BOOKMARK [1][-]{section.3.1}{\376\377\000T\000h\036\267\000n\000g\000\040\000d\001\260\000\040\000c\000h\000\355\000n\000h\000\040\000p\000h\001\260\001\241\000n\000g}{chapter.3}% 7
\BOOKMARK [0][-]{chapter.4}{\376\377\000L\000a\000t\000t\000i\000c\000e\000-\000b\000a\000s\000e\000d\000\040\000c\000r\000y\000p\000t\000o}{}% 8
\BOOKMARK [1][-]{section.4.1}{\376\377\000I\000n\000t\000r\000o\000d\000u\000c\000t\000i\000o\000n}{chapter.4}% 9
\BOOKMARK [1][-]{section.4.2}{\376\377\000T\000h\000u\036\255\000t\000\040\000t\000o\000\341\000n\000\040\000G\000G\000H}{chapter.4}% 10
\BOOKMARK [0][-]{chapter.5}{\376\377\000B\000\340\000i\000\040\000t\000o\000\341\000n\000\040\001\021\036\277\000m\000\040\000P\000o\000l\000y\000a}{}% 11
\BOOKMARK [1][-]{section.5.1}{\376\377\000B\036\325\000\040\001\021\036\301\000\040\000B\000u\000r\000n\000s\000i\000d\000e}{chapter.5}% 12
\BOOKMARK [0][-]{chapter.6}{\376\377\000G\000i\036\243\000i\000\040\000t\000\355\000c\000h}{}% 13
\BOOKMARK [0][-]{chapter.7}{\376\377\000Q\000u\000a\000n\000t\000u\000m\000\040\000c\000o\000m\000p\000u\000t\000i\000n\000g}{}% 14
\BOOKMARK [1][-]{section.7.1}{\376\377\000Q\000u\000b\000i\000t\000\040\000v\000\340\000\040\000t\000o\000\341\000n\000\040\000t\036\355\000\040\000q\000u\000a\000n\000t\000u\000m}{chapter.7}% 15
\BOOKMARK [0][-]{chapter.8}{\376\377\000L\000\375\000\040\000t\000h\000u\000y\036\277\000t\000\040\000x\000\341\000c\000\040\000s\000u\036\245\000t}{}% 16
\BOOKMARK [1][-]{section.8.1}{\376\377\001\020\036\313\000n\000h\000\040\000n\000g\000h\001\051\000a\000\040\000x\000\341\000c\000\040\000s\000u\036\245\000t}{chapter.8}% 17
\BOOKMARK [1][-]{section.8.2}{\376\377\000X\000\341\000c\000\040\000s\000u\036\245\000t\000\040\000c\000\363\000\040\001\021\000i\036\301\000u\000\040\000k\000i\036\307\000n}{chapter.8}% 18
\BOOKMARK [1][-]{section.8.3}{\376\377\000C\000\364\000n\000g\000\040\000t\000h\036\351\000c\000\040\000x\000\341\000c\000\040\000s\000u\036\245\000t\000\040\001\021\036\247\000y\000\040\001\021\036\347}{chapter.8}% 19
\BOOKMARK [0][-]{chapter.9}{\376\377\000B\000i\036\277\000n\000\040\000n\000g\036\253\000u\000\040\000n\000h\000i\000\352\000n}{}% 20
\BOOKMARK [1][-]{section.9.1}{\376\377\000B\000i\036\277\000n\000\040\000n\000g\036\253\000u\000\040\000n\000h\000i\000\352\000n}{chapter.9}% 21
\BOOKMARK [1][-]{section.9.2}{\376\377\000T\000\355\000n\000h\000\040\000c\000h\036\245\000t\000\040\000c\036\347\000a\000\040\000h\000\340\000m\000\040\000p\000h\000\342\000n\000\040\000p\000h\036\321\000i}{chapter.9}% 22
\BOOKMARK [1][-]{section.9.3}{\376\377\000B\000i\036\277\000n\000\040\000n\000g\036\253\000u\000\040\000n\000h\000i\000\352\000n\000\040\000r\036\335\000i\000\040\000r\036\241\000c}{chapter.9}% 23
\BOOKMARK [1][-]{section.9.4}{\376\377\000B\000i\036\277\000n\000\040\000n\000g\036\253\000u\000\040\000n\000h\000i\000\352\000n\000\040\000l\000i\000\352\000n\000\040\000t\036\345\000c}{chapter.9}% 24
\BOOKMARK [1][-]{section.9.5}{\376\377\000H\000\340\000m\000\040\000m\036\255\000t\000\040\001\021\036\331\000\040\000c\036\347\000a\000\040\000b\000i\036\277\000n\000\040\000n\000g\036\253\000u\000\040\000n\000h\000i\000\352\000n\000\040\000l\000i\000\352\000n\000\040\000t\036\345\000c}{chapter.9}% 25
\BOOKMARK [0][-]{chapter.10}{\376\377\000H\000\354\000n\000h\000\040\000h\036\315\000c\000\040\000g\000i\036\243\000i\000\040\000t\000\355\000c\000h}{}% 26
\BOOKMARK [1][-]{section.10.1}{\376\377\000T\000h\000e\000o\000\040\000d\000\362\000n\000g\000\040\000l\036\313\000c\000h\000\040\000s\036\355}{chapter.10}% 27
\BOOKMARK [1][-]{section.10.2}{\376\377\000P\000h\001\260\001\241\000n\000g\000\040\000p\000h\000\341\000p\000\040\000t\036\315\000a\000\040\001\021\036\331\000\040\000t\000r\000o\000n\000g\000\040\000m\036\267\000t\000\040\000p\000h\036\263\000n\000g}{chapter.10}% 28
\BOOKMARK [1][-]{section.10.3}{\376\377\001\020\036\241\000o\000\040\000h\000\340\000m}{chapter.10}% 29
\BOOKMARK [1][-]{section.10.4}{\376\377\000T\000\355\000c\000h\000\040\000p\000h\000\342\000n}{chapter.10}% 30
\BOOKMARK [0][-]{chapter.11}{\376\377\000H\000\354\000n\000h\000\040\000h\036\315\000c\000\040\000a\000f\000f\000i\000n\000e}{}% 31
\BOOKMARK [1][-]{section.11.1}{\376\377\000K\000h\000\364\000n\000g\000\040\000g\000i\000a\000n\000\040\000a\000f\000f\000i\000n\000e}{chapter.11}% 32
\BOOKMARK [1][-]{section.11.2}{\376\377\000G\000i\000a\000o\000\040\000c\036\347\000a\000\040\000c\000\341\000c\000\040\000p\000h\036\263\000n\000g\000.\000\040\000B\000a\000o\000\040\000a\000f\000f\000i\000n\000e}{chapter.11}% 33
\BOOKMARK [0][-]{chapter.12}{\376\377\000M\000a\000c\000h\000i\000n\000e\000\040\000L\000e\000a\000r\000n\000i\000n\000g}{}% 34
\BOOKMARK [1][-]{section.12.1}{\376\377\000C\000\341\000c\000\040\000t\000h\000u\036\255\000t\000\040\000t\000o\000\341\000n\000\040\000c\001\241\000\040\000s\036\337}{chapter.12}% 35
\BOOKMARK [0][-]{appendix.A}{\376\377\000N\000S\000U\000C\000R\000Y\000P\000T\000O\000\040\0002\0000\0002\0003}{}% 36
\BOOKMARK [1][-]{section*.52}{\376\377\000P\000r\000o\000b\000l\000e\000m\000\040\0001\000.\000\040\000A\000f\000f\000i\000n\000e\000\040\000c\000i\000p\000h\000e\000r}{appendix.A}% 37
\BOOKMARK [1][-]{section*.55}{\376\377\000P\000r\000o\000b\000l\000e\000m\000\040\0002\000.\000\040\000S\000i\000m\000p\000l\000e\000\040\000i\000d\000e\000a\000s\000\040\000f\000o\000r\000\040\000p\000r\000i\000m\000e\000s}{appendix.A}% 38
\BOOKMARK [1][-]{section*.58}{\376\377\000P\000r\000o\000b\000l\000e\000m\000\040\0003\000.\000\040\000M\000i\000x\000e\000d\000\040\000h\000a\000s\000h}{appendix.A}% 39
\BOOKMARK [1][-]{section*.61}{\376\377\000P\000r\000o\000b\000l\000e\000m\000\040\0005\000.\000\040\000P\000r\000i\000m\000e\000s}{appendix.A}% 40
\BOOKMARK [1][-]{section*.64}{\376\377\000P\000r\000o\000b\000l\000e\000m\000\040\0006\000.\000\040\000A\000n\000\040\000a\000g\000g\000r\000e\000g\000a\000t\000e\000d\000\040\000s\000i\000g\000n\000a\000t\000u\000r\000e}{appendix.A}% 41
\BOOKMARK [1][-]{section*.66}{\376\377\000P\000r\000o\000b\000l\000e\000m\000\040\0007\000.\000\040\000A\000\040\000u\000n\000i\000q\000u\000e\000\040\000c\000o\000d\000i\000n\000g}{appendix.A}% 42
\BOOKMARK [1][-]{section*.70}{\376\377\000P\000r\000o\000b\000l\000e\000m\000\040\0008\000.\000\040\000A\000l\000g\000e\000b\000r\000a\000i\000c\000\040\000c\000r\000y\000p\000t\000a\000n\000a\000l\000y\000s\000i\000s}{appendix.A}% 43
\BOOKMARK [1][-]{section*.73}{\376\377\000P\000r\000o\000b\000l\000e\000m\000\040\0001\0000\000.\000\040\000Q\000u\000a\000n\000t\000u\000m\000\040\000e\000n\000c\000r\000y\000p\000t\000i\000o\000n}{appendix.A}% 44
\BOOKMARK [1][-]{section*.84}{\376\377\000P\000r\000o\000b\000l\000e\000m\000\040\0001\0001\000.\000\040\000A\000n\000t\000C\000i\000p\000h\000e\000r}{appendix.A}% 45
\BOOKMARK [0][-]{appendix.B}{\376\377\000\324\000n\000\040\000t\000h\000i}{}% 46
\BOOKMARK [1][-]{section.B.1}{\376\377\000\324\000n\000\040\000t\000h\000i\000\040\000n\000g\000\340\000y\000\040\0002\0000\000/\0001\0001\000/\0002\0000\0002\0003}{appendix.B}% 47
\BOOKMARK [0][-]{appendix.C}{\376\377\000R\000U\000D\000N\000\040\000O\000l\000y\000m\000p\000i\000a\000d\000\040\0002\0000\0002\0003}{}% 48
\BOOKMARK [0][-]{appendix.D}{\376\377\001\020\001\260\036\335\000n\000g\000\040\001\021\000o\036\243\000n\000\040\000t\000h\036\335\000i}{}% 49
